<?xml version="1.0" encoding="UTF-8"?>
<testng-results ignored="0" total="1" passed="1" failed="0" skipped="0">
  <reporter-output>
  </reporter-output>
  <suite started-at="2025-01-18T14:05:20 IST" name="Default suite" finished-at="2025-01-18T14:05:25 IST" duration-ms="5369">
    <groups>
    </groups>
    <test started-at="2025-01-18T14:05:20 IST" name="Default test" finished-at="2025-01-18T14:05:25 IST" duration-ms="5369">
      <class name="Jira_API.BugTest">
        <test-method signature="createBug(java.util.HashMap)[pri:0, instance:Jira_API.BugTest@72d1ad2e]" started-at="2025-01-18T14:05:20 IST" name="createBug" data-provider="JiraInfo" finished-at="2025-01-18T14:05:25 IST" duration-ms="5321" status="PASS">
          <params>
            <param index="0">
              <value>
                <![CDATA[{summary=Creation of bug via REST Assured Code with Attachments, issueType=Bug, projectKey=SCRUM}]]>
              </value>
            </param>
          </params>
          <reporter-output>
          </reporter-output>
        </test-method> <!-- createBug -->
      </class> <!-- Jira_API.BugTest -->
    </test> <!-- Default test -->
  </suite> <!-- Default suite -->
</testng-results>
